2009-06-19 16:56:35,562 [-1207707936] DEBUG (null) - Creating a new Broker for url amqp://localhost:5672
2009-06-19 16:56:35,844 [-1207707936] DEBUG (null) - Sending message to routing key 'broker'
2009-06-19 16:56:35,863 [-1207707936] DEBUG (null) - Waiting to recieve messages
2009-06-19 16:56:35,898 [IoReceiver - System.Net.Sockets.NetworkStream] DEBUG (null) - Sending message to routing key 'broker'
2009-06-19 16:56:35,941 [IoReceiver - System.Net.Sockets.NetworkStream] DEBUG (null) - Sending message to routing key 'broker'
2009-06-19 16:56:35,954 [IoReceiver - System.Net.Sockets.NetworkStream] DEBUG (null) - Sending message to routing key 'broker'
2009-06-19 16:56:35,957 [IoReceiver - System.Net.Sockets.NetworkStream] DEBUG (null) - Sending message to routing key 'broker'
2009-06-19 16:56:35,958 [IoReceiver - System.Net.Sockets.NetworkStream] DEBUG (null) - Sending message to routing key 'broker'
2009-06-19 16:56:35,959 [IoReceiver - System.Net.Sockets.NetworkStream] DEBUG (null) - Sending message to routing key 'broker'
2009-06-19 16:56:35,960 [IoReceiver - System.Net.Sockets.NetworkStream] DEBUG (null) - Sending message to routing key 'broker'
2009-06-19 16:56:35,961 [IoReceiver - System.Net.Sockets.NetworkStream] DEBUG (null) - Sending message to routing key 'broker'
2009-06-19 16:56:35,963 [IoReceiver - System.Net.Sockets.NetworkStream] DEBUG (null) - Sending message to routing key 'broker'
2009-06-19 16:56:35,964 [IoReceiver - System.Net.Sockets.NetworkStream] DEBUG (null) - Sending message to routing key 'broker'
2009-06-19 16:56:35,965 [IoReceiver - System.Net.Sockets.NetworkStream] DEBUG (null) - Sending message to routing key 'broker'
2009-06-19 16:56:35,967 [IoReceiver - System.Net.Sockets.NetworkStream] DEBUG (null) - Sending message to routing key 'broker'
2009-06-19 16:56:35,968 [IoReceiver - System.Net.Sockets.NetworkStream] DEBUG (null) - Sending message to routing key 'broker'
2009-06-19 16:56:35,969 [IoReceiver - System.Net.Sockets.NetworkStream] DEBUG (null) - Sending message to routing key 'broker'
2009-06-19 16:56:35,972 [IoReceiver - System.Net.Sockets.NetworkStream] DEBUG (null) - Sending message to routing key 'broker'
2009-06-19 16:56:35,973 [IoReceiver - System.Net.Sockets.NetworkStream] DEBUG (null) - Sending message to routing key 'broker'
2009-06-19 16:56:35,975 [IoReceiver - System.Net.Sockets.NetworkStream] DEBUG (null) - Sending message to routing key 'broker'
2009-06-19 16:56:35,976 [IoReceiver - System.Net.Sockets.NetworkStream] DEBUG (null) - Sending message to routing key 'broker'
2009-06-19 16:56:35,977 [IoReceiver - System.Net.Sockets.NetworkStream] DEBUG (null) - Sending message to routing key 'broker'
2009-06-19 16:56:35,978 [IoReceiver - System.Net.Sockets.NetworkStream] DEBUG (null) - Sending message to routing key 'broker'
2009-06-19 16:56:35,979 [IoReceiver - System.Net.Sockets.NetworkStream] DEBUG (null) - Sending message to routing key 'broker'
2009-06-19 16:56:35,981 [IoReceiver - System.Net.Sockets.NetworkStream] DEBUG (null) - Sending message to routing key 'broker'
2009-06-19 16:56:35,982 [IoReceiver - System.Net.Sockets.NetworkStream] DEBUG (null) - Sending message to routing key 'broker'
2009-06-19 16:56:35,983 [IoReceiver - System.Net.Sockets.NetworkStream] DEBUG (null) - Sending message to routing key 'broker'
2009-06-19 16:56:35,984 [IoReceiver - System.Net.Sockets.NetworkStream] DEBUG (null) - Sending message to routing key 'broker'
2009-06-19 16:56:35,986 [IoReceiver - System.Net.Sockets.NetworkStream] DEBUG (null) - Sending message to routing key 'broker'
2009-06-19 16:56:35,996 [IoReceiver - System.Net.Sockets.NetworkStream] DEBUG (null) - New schema class ClassKey: org.apache.qpid.broker:agent(a813b105-63144c05-83d4cbd5-37313d81)
2009-06-19 16:56:36,000 [IoReceiver - System.Net.Sockets.NetworkStream] DEBUG (null) - New schema class ClassKey: org.apache.qpid.broker:bind(042af49f-eea75cd1-0ac110b0-e0573cab)
2009-06-19 16:56:36,001 [IoReceiver - System.Net.Sockets.NetworkStream] DEBUG (null) - New schema class ClassKey: org.apache.qpid.broker:binding(d61ac058-85bce5ba-d3369a10-7853c94f)
2009-06-19 16:56:36,005 [IoReceiver - System.Net.Sockets.NetworkStream] DEBUG (null) - New schema class ClassKey: org.apache.qpid.broker:bridge(74880011-8cafe21b-0f24b084-60412a90)
2009-06-19 16:56:36,008 [IoReceiver - System.Net.Sockets.NetworkStream] DEBUG (null) - New schema class ClassKey: org.apache.qpid.broker:broker(de8f5ed2-81a47d99-786f2cb7-2ca929b9)
2009-06-19 16:56:36,011 [IoReceiver - System.Net.Sockets.NetworkStream] DEBUG (null) - New schema class ClassKey: org.apache.qpid.broker:brokerLinkDown(2836ca18-fbcec0ce-ee58b0ab-c6b7f2d4)
2009-06-19 16:56:36,012 [IoReceiver - System.Net.Sockets.NetworkStream] DEBUG (null) - New schema class ClassKey: org.apache.qpid.broker:brokerLinkUp(231817fb-b79dc812-ec9bbe50-d9c7cd8d)
2009-06-19 16:56:36,015 [IoReceiver - System.Net.Sockets.NetworkStream] DEBUG (null) - New schema class ClassKey: org.apache.qpid.broker:clientConnect(f59fe634-9c51cfce-b3be63bf-063a0ac2)
2009-06-19 16:56:36,016 [IoReceiver - System.Net.Sockets.NetworkStream] DEBUG (null) - New schema class ClassKey: org.apache.qpid.broker:clientConnectFail(e65806ac-3a74478f-01902ea6-e6ee21e1)
2009-06-19 16:56:36,017 [IoReceiver - System.Net.Sockets.NetworkStream] DEBUG (null) - New schema class ClassKey: org.apache.qpid.broker:clientDisconnect(1e8665cf-f24105df-78630c44-c0bb33c6)
2009-06-19 16:56:36,019 [IoReceiver - System.Net.Sockets.NetworkStream] DEBUG (null) - New schema class ClassKey: org.apache.qpid.broker:connection(bd9eb47f-44f03d9c-8756d142-8524e54b)
2009-06-19 16:56:36,020 [IoReceiver - System.Net.Sockets.NetworkStream] DEBUG (null) - New schema class ClassKey: org.apache.qpid.broker:exchange(ca66d754-aba5bfe1-467b0153-1cdf8402)
2009-06-19 16:56:36,021 [IoReceiver - System.Net.Sockets.NetworkStream] DEBUG (null) - New schema class ClassKey: org.apache.qpid.broker:exchangeDeclare(ac64abd6-494c5950-5d78289e-42c15307)
2009-06-19 16:56:36,023 [IoReceiver - System.Net.Sockets.NetworkStream] DEBUG (null) - New schema class ClassKey: org.apache.qpid.broker:exchangeDelete(3dc35f89-ec32a279-7d533546-9efaa0cf)
2009-06-19 16:56:36,024 [IoReceiver - System.Net.Sockets.NetworkStream] DEBUG (null) - New schema class ClassKey: org.apache.qpid.broker:link(627fbfee-e867f69a-4127ce0f-03030be7)
2009-06-19 16:56:36,026 [IoReceiver - System.Net.Sockets.NetworkStream] DEBUG (null) - New schema class ClassKey: org.apache.qpid.broker:queue(52f52585-4e4af75c-caede120-275c6ea3)
2009-06-19 16:56:36,027 [IoReceiver - System.Net.Sockets.NetworkStream] DEBUG (null) - New schema class ClassKey: org.apache.qpid.broker:queueDeclare(a227e1d0-a1cd444d-3a3c76e6-4af7a9d7)
2009-06-19 16:56:36,029 [IoReceiver - System.Net.Sockets.NetworkStream] DEBUG (null) - New schema class ClassKey: org.apache.qpid.broker:queueDelete(fb1ce712-c041d774-102d32d7-1666574b)
2009-06-19 16:56:36,030 [IoReceiver - System.Net.Sockets.NetworkStream] DEBUG (null) - New schema class ClassKey: org.apache.qpid.broker:session(9a57d0d2-8b178c84-4fac5c9a-96c2cf75)
2009-06-19 16:56:36,031 [IoReceiver - System.Net.Sockets.NetworkStream] DEBUG (null) - New schema class ClassKey: org.apache.qpid.broker:subscribe(fbe18f36-6e5034d4-5f4c4135-8a379942)
2009-06-19 16:56:36,032 [IoReceiver - System.Net.Sockets.NetworkStream] DEBUG (null) - New schema class ClassKey: org.apache.qpid.broker:system(92f7522b-188882d7-49ea668d-b4c5ea0b)
2009-06-19 16:56:36,034 [IoReceiver - System.Net.Sockets.NetworkStream] DEBUG (null) - New schema class ClassKey: org.apache.qpid.broker:unbind(70163d9d-b5148d7c-9ea41738-43d6358a)
2009-06-19 16:56:36,035 [IoReceiver - System.Net.Sockets.NetworkStream] DEBUG (null) - New schema class ClassKey: org.apache.qpid.broker:unsubscribe(37be0dbf-c1e05a79-a99bbcfc-5f2499a1)
2009-06-19 16:56:36,037 [IoReceiver - System.Net.Sockets.NetworkStream] DEBUG (null) - New schema class ClassKey: org.apache.qpid.broker:vhost(14a3fa67-8ae28988-cd9440ef-630d1b49)
2009-06-19 16:56:36,039 [IoReceiver - System.Net.Sockets.NetworkStream] DEBUG (null) - Setting Topic Binding schema.#
2009-06-19 16:56:36,040 [IoReceiver - System.Net.Sockets.NetworkStream] DEBUG (null) - Setting Topic Binding console.#
2009-06-19 16:56:36,048 [-1207707936] DEBUG (null) - Get Object Keys: 
2009-06-19 16:56:36,049 [-1207707936] DEBUG (null) - 	Key: '_class' Value: 'agent'
2009-06-19 16:56:36,049 [-1207707936] DEBUG (null) - Sending message to routing key 'agent.1.0'
2009-06-19 16:56:36,083 [-1207707936] DEBUG (null) - Get Object Keys: 
2009-06-19 16:56:36,084 [-1207707936] DEBUG (null) - 	Key: '_class' Value: 'ExampleService'
2009-06-19 16:56:36,084 [-1207707936] DEBUG (null) - 	Key: '_package' Value: 'qmf.example.ejb'
2009-06-19 16:56:36,085 [-1207707936] DEBUG (null) - Sending message to routing key 'agent.1.0'
